<?xml version="1.0" encoding="UTF-8"?>
<!-- Generated by org.testng.reporters.JUnitXMLReporter -->
<testsuite ignored="1" hostname="DESKTOP-LQ7JNM3" failures="0" tests="2" name="Default test" time="18.163" errors="0" timestamp="2025-03-14T23:03:28 IST">
  <testcase classname="com.qa.NSEIndia.tests.CompanyInfoPageTests" name="selectProductTest" time="5.803"/>
  <testcase classname="com.qa.NSEIndia.tests.CompanyInfoPageTests" name="selectProductTest" time="3.994"/>
  <testcase classname="com.qa.NSEIndia.tests.CompanyInfoPageTests" name="selectProductTestWithAssert" time="0.0">
    <ignored/>
  </testcase> <!-- selectProductTestWithAssert -->
</testsuite> <!-- Default test -->
