<?xml version="1.0" encoding="UTF-8"?>
<!-- Generated by org.testng.reporters.JUnitXMLReporter -->
<testsuite ignored="1" hostname="DESKTOP-LQ7JNM3" failures="0" tests="1" name="Default test" time="16.151" errors="0" timestamp="2025-03-13T22:40:23 IST">
  <testcase classname="com.qa.NSEIndia.tests.CompanyInfoPageTests" name="selectProductTest" time="1.112"/>
  <testcase classname="com.qa.NSEIndia.tests.CompanyInfoPageTests" name="selectProductTestWithAssert" time="0.0">
    <ignored/>
  </testcase> <!-- selectProductTestWithAssert -->
</testsuite> <!-- Default test -->
