<?xml version="1.0" encoding="UTF-8"?>
<testng-results ignored="0" total="6" passed="6" failed="0" skipped="0">
  <reporter-output>
  </reporter-output>
  <suite started-at="2025-03-17T23:19:02 IST" name="NSEIndia App Test Suite" finished-at="2025-03-17T23:19:49 IST" duration-ms="47290">
    <groups>
    </groups>
    <test started-at="2025-03-17T23:19:02 IST" name="CompanyInfo Page Test_chrome" finished-at="2025-03-17T23:19:45 IST" duration-ms="43669">
      <class name="com.qa.NSEIndia.tests.CompanyInfoPageTests">
        <test-method is-config="true" signature="setup(java.lang.String)[pri:0, instance:com.qa.NSEIndia.tests.CompanyInfoPageTests@18e36d14]" started-at="2025-03-17T23:19:03 IST" name="setup" finished-at="2025-03-17T23:19:24 IST" duration-ms="21227" status="PASS">
          <params>
            <param index="0">
              <value>
                <![CDATA[chrome]]>
              </value>
            </param>
          </params>
          <reporter-output>
          </reporter-output>
        </test-method> <!-- setup -->
        <test-method signature="selectProductTest(java.lang.String)[pri:0, instance:com.qa.NSEIndia.tests.CompanyInfoPageTests@18e36d14]" started-at="2025-03-17T23:19:24 IST" name="selectProductTest" data-provider="userRegTestData" finished-at="2025-03-17T23:19:34 IST" duration-ms="9822" status="PASS">
          <params>
            <param index="0">
              <value>
                <![CDATA[rcom]]>
              </value>
            </param>
          </params>
          <reporter-output>
          </reporter-output>
        </test-method> <!-- selectProductTest -->
        <test-method signature="selectProductTest(java.lang.String)[pri:0, instance:com.qa.NSEIndia.tests.CompanyInfoPageTests@18e36d14]" started-at="2025-03-17T23:19:34 IST" name="selectProductTest" data-provider="userRegTestData" finished-at="2025-03-17T23:19:39 IST" duration-ms="5616" status="PASS">
          <params>
            <param index="0">
              <value>
                <![CDATA[tatamotors]]>
              </value>
            </param>
          </params>
          <reporter-output>
          </reporter-output>
        </test-method> <!-- selectProductTest -->
        <test-method signature="selectProductTestWithAssert()[pri:0, instance:com.qa.NSEIndia.tests.CompanyInfoPageTests@18e36d14]" started-at="2025-03-17T23:19:39 IST" name="selectProductTestWithAssert" finished-at="2025-03-17T23:19:45 IST" duration-ms="5175" status="PASS">
          <reporter-output>
          </reporter-output>
        </test-method> <!-- selectProductTestWithAssert -->
        <test-method is-config="true" signature="tearDown()[pri:0, instance:com.qa.NSEIndia.tests.CompanyInfoPageTests@18e36d14]" started-at="2025-03-17T23:19:45 IST" name="tearDown" finished-at="2025-03-17T23:19:45 IST" duration-ms="819" status="PASS">
          <reporter-output>
          </reporter-output>
        </test-method> <!-- tearDown -->
      </class> <!-- com.qa.NSEIndia.tests.CompanyInfoPageTests -->
    </test> <!-- CompanyInfo Page Test_chrome -->
    <test started-at="2025-03-17T23:19:02 IST" name="CompanyInfo Page Test_edge" finished-at="2025-03-17T23:19:49 IST" duration-ms="47290">
      <class name="com.qa.NSEIndia.tests.CompanyInfoPageTests">
        <test-method is-config="true" signature="setup(java.lang.String)[pri:0, instance:com.qa.NSEIndia.tests.CompanyInfoPageTests@38ba6ce3]" started-at="2025-03-17T23:19:03 IST" name="setup" finished-at="2025-03-17T23:19:29 IST" duration-ms="25893" status="PASS">
          <params>
            <param index="0">
              <value>
                <![CDATA[edge]]>
              </value>
            </param>
          </params>
          <reporter-output>
          </reporter-output>
        </test-method> <!-- setup -->
        <test-method signature="selectProductTest(java.lang.String)[pri:0, instance:com.qa.NSEIndia.tests.CompanyInfoPageTests@38ba6ce3]" started-at="2025-03-17T23:19:29 IST" name="selectProductTest" data-provider="userRegTestData" finished-at="2025-03-17T23:19:37 IST" duration-ms="8127" status="PASS">
          <params>
            <param index="0">
              <value>
                <![CDATA[rcom]]>
              </value>
            </param>
          </params>
          <reporter-output>
          </reporter-output>
        </test-method> <!-- selectProductTest -->
        <test-method signature="selectProductTest(java.lang.String)[pri:0, instance:com.qa.NSEIndia.tests.CompanyInfoPageTests@38ba6ce3]" started-at="2025-03-17T23:19:37 IST" name="selectProductTest" data-provider="userRegTestData" finished-at="2025-03-17T23:19:42 IST" duration-ms="5572" status="PASS">
          <params>
            <param index="0">
              <value>
                <![CDATA[tatamotors]]>
              </value>
            </param>
          </params>
          <reporter-output>
          </reporter-output>
        </test-method> <!-- selectProductTest -->
        <test-method signature="selectProductTestWithAssert()[pri:0, instance:com.qa.NSEIndia.tests.CompanyInfoPageTests@38ba6ce3]" started-at="2025-03-17T23:19:42 IST" name="selectProductTestWithAssert" finished-at="2025-03-17T23:19:48 IST" duration-ms="5318" status="PASS">
          <reporter-output>
          </reporter-output>
        </test-method> <!-- selectProductTestWithAssert -->
        <test-method is-config="true" signature="tearDown()[pri:0, instance:com.qa.NSEIndia.tests.CompanyInfoPageTests@38ba6ce3]" started-at="2025-03-17T23:19:48 IST" name="tearDown" finished-at="2025-03-17T23:19:49 IST" duration-ms="1522" status="PASS">
          <reporter-output>
          </reporter-output>
        </test-method> <!-- tearDown -->
      </class> <!-- com.qa.NSEIndia.tests.CompanyInfoPageTests -->
    </test> <!-- CompanyInfo Page Test_edge -->
  </suite> <!-- NSEIndia App Test Suite -->
</testng-results>
